{
  "RSpec": {
    "coverage": {
      "/Users/anilravdjee/Desktop/rolando/vinterior/spec/product_spec.rb": [
        1,
        null,
        1,
        4,
        null,
        1,
        1,
        null,
        null,
        1,
        1,
        null,
        null,
        1,
        1,
        null,
        null
      ],
      "/Users/anilravdjee/Desktop/rolando/vinterior/lib/product.rb": [
        1,
        null,
        1,
        null,
        null,
        1,
        3,
        3,
        3,
        null,
        null,
        null
      ]
    },
    "timestamp": 1517066273
  }
}
