{
  "RSpec": {
    "coverage": {
      "/Users/anilravdjee/Desktop/rolando/vinterior/spec/checkout_spec.rb": [
        1,
        1,
        null,
        1,
        10,
        6,
        3,
        1,
        null,
        1,
        1,
        null,
        null,
        1,
        1,
        null,
        null,
        1,
        1,
        1,
        null,
        null,
        1,
        1,
        1,
        null,
        null,
        1,
        1,
        1,
        null,
        null,
        1,
        1,
        1,
        1,
        null,
        null,
        1,
        1,
        1,
        1,
        null,
        null,
        1,
        1,
        1,
        1,
        null,
        null,
        1,
        1,
        1,
        1,
        null,
        null
      ],
      "/Users/anilravdjee/Desktop/rolando/vinterior/lib/product.rb": [
        null,
        1,
        1,
        null,
        1,
        10,
        10,
        10,
        null,
        null
      ],
      "/Users/anilravdjee/Desktop/rolando/vinterior/lib/checkout.rb": [
        1,
        null,
        null,
        1,
        1,
        null,
        1,
        9,
        9,
        9,
        null,
        null,
        1,
        11,
        11,
        null,
        null,
        1,
        3,
        null,
        null,
        1,
        2,
        null,
        null,
        1,
        3,
        null,
        null,
        1,
        2,
        1,
        2,
        null,
        1,
        null,
        null,
        null,
        1,
        2,
        2,
        2,
        null,
        null
      ],
      "/Users/anilravdjee/Desktop/rolando/vinterior/spec/product_spec.rb": [
        1,
        null,
        1,
        4,
        null,
        1,
        1,
        null,
        null,
        1,
        1,
        null,
        null,
        1,
        1,
        null,
        null
      ]
    },
    "timestamp": 1517163008
  }
}
